-------------------------------------------------------------------------------
Test set: edu.stanford.nlp.trees.ud.CoNLLUDocumentReaderWriterTest
-------------------------------------------------------------------------------
Tests run: 4, Failures: 1, Errors: 0, Skipped: 0, Time elapsed: 0.04 sec <<< FAILURE!
testReadingAndWriting(edu.stanford.nlp.trees.ud.CoNLLUDocumentReaderWriterTest)  Time elapsed: 0.006 sec  <<< FAILURE!
junit.framework.ComparisonFailure: expected:<...Person=1	2	nsubj	_	_[
2	have	have	VERB	VBP	Number=Sing|Person=1|Tense=Pres	0	root	_	_
3	not	not	PART	RB	Negative=Neg	2	neg	_	_
4	a	a	DET	DT	Definite=Ind|PronType=Art	5	det	_	_
5	clue	clue	NOUN	NN	Number=Sing	2	dobj	_	_
6	.	.	PUNCT	.	_	2	punct	_	_]

> but was:<...Person=1	2	nsubj	_	_[
2	have	have	VERB	VBP	Number=Sing|Person=1|Tense=Pres	0	root	_	_
3	not	not	PART	RB	Negative=Neg	2	neg	_	_
4	a	a	DET	DT	Definite=Ind|PronType=Art	5	det	_	_
5	clue	clue	NOUN	NN	Number=Sing	2	dobj	_	_
6	.	.	PUNCT	.	_	2	punct	_	_]

>
	at junit.framework.Assert.assertEquals(Assert.java:100)
	at junit.framework.Assert.assertEquals(Assert.java:107)
	at junit.framework.TestCase.assertEquals(TestCase.java:269)
	at edu.stanford.nlp.trees.ud.CoNLLUDocumentReaderWriterTest.testSingleReadAndWrite(CoNLLUDocumentReaderWriterTest.java:123)
	at edu.stanford.nlp.trees.ud.CoNLLUDocumentReaderWriterTest.testReadingAndWriting(CoNLLUDocumentReaderWriterTest.java:129)
	at sun.reflect.NativeMethodAccessorImpl.invoke0(Native Method)
	at sun.reflect.NativeMethodAccessorImpl.invoke(NativeMethodAccessorImpl.java:62)
	at sun.reflect.DelegatingMethodAccessorImpl.invoke(DelegatingMethodAccessorImpl.java:43)
	at java.lang.reflect.Method.invoke(Method.java:498)
	at junit.framework.TestCase.runTest(TestCase.java:176)
	at junit.framework.TestCase.runBare(TestCase.java:141)
	at junit.framework.TestResult$1.protect(TestResult.java:122)
	at junit.framework.TestResult.runProtected(TestResult.java:142)
	at junit.framework.TestResult.run(TestResult.java:125)
	at junit.framework.TestCase.run(TestCase.java:129)
	at junit.framework.TestSuite.runTest(TestSuite.java:252)
	at junit.framework.TestSuite.run(TestSuite.java:247)
	at org.junit.internal.runners.JUnit38ClassRunner.run(JUnit38ClassRunner.java:86)
	at org.apache.maven.surefire.junit4.JUnit4Provider.execute(JUnit4Provider.java:252)
	at org.apache.maven.surefire.junit4.JUnit4Provider.executeTestSet(JUnit4Provider.java:141)
	at org.apache.maven.surefire.junit4.JUnit4Provider.invoke(JUnit4Provider.java:112)
	at sun.reflect.NativeMethodAccessorImpl.invoke0(Native Method)
	at sun.reflect.NativeMethodAccessorImpl.invoke(NativeMethodAccessorImpl.java:62)
	at sun.reflect.DelegatingMethodAccessorImpl.invoke(DelegatingMethodAccessorImpl.java:43)
	at java.lang.reflect.Method.invoke(Method.java:498)
	at org.apache.maven.surefire.util.ReflectionUtils.invokeMethodWithArray(ReflectionUtils.java:189)
	at org.apache.maven.surefire.booter.ProviderFactory$ProviderProxy.invoke(ProviderFactory.java:165)
	at org.apache.maven.surefire.booter.ProviderFactory.invokeProvider(ProviderFactory.java:85)
	at org.apache.maven.surefire.booter.ForkedBooter.runSuitesInProcess(ForkedBooter.java:115)
	at org.apache.maven.surefire.booter.ForkedBooter.main(ForkedBooter.java:75)

