<?xml version="1.0" encoding="UTF-8" ?>
<testsuite tests="27" failures="0" name="edu.stanford.nlp.loglinear.model.ConcatVectorTest" time="38.075" errors="0" skipped="0">
  <properties>
[...]
</properties>
  <testcase classname="edu.stanford.nlp.loglinear.model.ConcatVectorTest" name="testElementwiseDenseToDense" time="0.569"/>
  <testcase classname="edu.stanford.nlp.loglinear.model.ConcatVectorTest" name="testResizeOnSetComponent" time="0.004"/>
  <testcase classname="edu.stanford.nlp.loglinear.model.ConcatVectorTest" name="testAppendSparseComponent" time="1.733"/>
  <testcase classname="edu.stanford.nlp.loglinear.model.ConcatVectorTest" name="testElementwiseDenseToSparse" time="1.057"/>
  <testcase classname="edu.stanford.nlp.loglinear.model.ConcatVectorTest" name="testProtoVector" time="0.645"/>
  <testcase classname="edu.stanford.nlp.loglinear.model.ConcatVectorTest" name="testMap" time="0.019"/>
  <testcase classname="edu.stanford.nlp.loglinear.model.ConcatVectorTest" name="testDeepClone" time="0.461"/>
  <testcase classname="edu.stanford.nlp.loglinear.model.ConcatVectorTest" name="testSizes" time="0.008"/>
  <testcase classname="edu.stanford.nlp.loglinear.model.ConcatVectorTest" name="testInnerProduct2" time="0.578"/>
  <testcase classname="edu.stanford.nlp.loglinear.model.ConcatVectorTest" name="testAddDenseToSparse" time="3.194"/>
  <testcase classname="edu.stanford.nlp.loglinear.model.ConcatVectorTest" name="testRetrieveDense" time="0.01"/>
  <testcase classname="edu.stanford.nlp.loglinear.model.ConcatVectorTest" name="testElementwiseProduct" time="0.386"/>
  <testcase classname="edu.stanford.nlp.loglinear.model.ConcatVectorTest" name="testAddDenseToDense" time="0.712"/>
  <testcase classname="edu.stanford.nlp.loglinear.model.ConcatVectorTest" name="testAddSparseToSparse" time="7.353"/>
  <testcase classname="edu.stanford.nlp.loglinear.model.ConcatVectorTest" name="testDeepCloneGetValueAt" time="0.04"/>
  <testcase classname="edu.stanford.nlp.loglinear.model.ConcatVectorTest" name="testElementwiseSparseToDense" time="2.414"/>
  <testcase classname="edu.stanford.nlp.loglinear.model.ConcatVectorTest" name="testAppendDenseComponent" time="0.016"/>
  <testcase classname="edu.stanford.nlp.loglinear.model.ConcatVectorTest" name="testIsSparse" time="0.005"/>
  <testcase classname="edu.stanford.nlp.loglinear.model.ConcatVectorTest" name="testGetValueAt" time="0.007"/>
  <testcase classname="edu.stanford.nlp.loglinear.model.ConcatVectorTest" name="testAddSparseToDense" time="3.406"/>
  <testcase classname="edu.stanford.nlp.loglinear.model.ConcatVectorTest" name="testAddVector" time="0.642"/>
  <testcase classname="edu.stanford.nlp.loglinear.model.ConcatVectorTest" name="testGetSparseIndex" time="1.996"/>
  <testcase classname="edu.stanford.nlp.loglinear.model.ConcatVectorTest" name="testElementwiseSparseToSparse" time="12.423"/>
  <testcase classname="edu.stanford.nlp.loglinear.model.ConcatVectorTest" name="testNewEmptyClone" time="0.012"/>
  <testcase classname="edu.stanford.nlp.loglinear.model.ConcatVectorTest" name="testCopyOnWrite" time="0.012"/>
  <testcase classname="edu.stanford.nlp.loglinear.model.ConcatVectorTest" name="testInnerProduct" time="0.366"/>
  <testcase classname="edu.stanford.nlp.loglinear.model.ConcatVectorTest" name="testValueEquals" time="0.007"/>
</testsuite>